[I 13:54:36.176 NotebookApp] JupyterLab beta preview extension loaded from /anaconda3/lib/python3.6/site-packages/jupyterlab
[I 13:54:36.177 NotebookApp] JupyterLab application directory is /anaconda3/share/jupyter/lab
[I 13:54:36.186 NotebookApp] Serving notebooks from local directory: /Users/gil/git/machine-learning/projects/boston_housing
[I 13:54:36.186 NotebookApp] 0 active kernels
[I 13:54:36.186 NotebookApp] The Jupyter Notebook is running at:
[I 13:54:36.186 NotebookApp] http://localhost:8888/?token=aa167a13fbae15244c40baf65cf94256532bd1bcc889e6d2
[I 13:54:36.186 NotebookApp] Use Control-C to stop this server and shut down all kernels (twice to skip confirmation).
[C 13:54:36.187 NotebookApp] 
    
    Copy/paste this URL into your browser when you connect for the first time,
    to login with a token:
        http://localhost:8888/?token=aa167a13fbae15244c40baf65cf94256532bd1bcc889e6d2&token=aa167a13fbae15244c40baf65cf94256532bd1bcc889e6d2
[I 13:54:36.709 NotebookApp] Accepting one-time-token-authenticated connection from ::1
[I 13:54:37.626 NotebookApp] Writing notebook-signing key to /Users/gil/Library/Jupyter/notebook_secret
[W 13:54:37.628 NotebookApp] Notebook boston_housing.ipynb is not trusted
[I 13:54:38.959 NotebookApp] Kernel started: c4a81351-6f18-4abe-a5cf-8f2fd855f09f
[I 13:54:39.611 NotebookApp] Adapting to protocol v5.1 for kernel c4a81351-6f18-4abe-a5cf-8f2fd855f09f
[I 13:56:38.938 NotebookApp] Saving file at /boston_housing.ipynb
[I 13:58:38.936 NotebookApp] Saving file at /boston_housing.ipynb
[I 14:00:38.941 NotebookApp] Saving file at /boston_housing.ipynb
[I 14:02:38.944 NotebookApp] Saving file at /boston_housing.ipynb
[I 14:04:38.965 NotebookApp] Saving file at /boston_housing.ipynb
[I 14:06:38.957 NotebookApp] Saving file at /boston_housing.ipynb
[I 14:08:38.960 NotebookApp] Saving file at /boston_housing.ipynb
[I 14:10:38.964 NotebookApp] Saving file at /boston_housing.ipynb
[I 14:12:38.969 NotebookApp] Saving file at /boston_housing.ipynb
[I 14:14:38.974 NotebookApp] Saving file at /boston_housing.ipynb
[I 14:16:38.982 NotebookApp] Saving file at /boston_housing.ipynb
[I 14:18:38.985 NotebookApp] Saving file at /boston_housing.ipynb
[I 14:20:38.990 NotebookApp] Saving file at /boston_housing.ipynb
[I 14:26:39.005 NotebookApp] Saving file at /boston_housing.ipynb
[I 14:28:39.010 NotebookApp] Saving file at /boston_housing.ipynb
[I 14:30:39.014 NotebookApp] Saving file at /boston_housing.ipynb
[I 14:32:39.020 NotebookApp] Saving file at /boston_housing.ipynb
[I 14:34:39.025 NotebookApp] Saving file at /boston_housing.ipynb
[I 14:36:39.032 NotebookApp] Saving file at /boston_housing.ipynb
[I 14:38:39.044 NotebookApp] Saving file at /boston_housing.ipynb
[I 14:40:39.042 NotebookApp] Saving file at /boston_housing.ipynb
[I 14:42:39.049 NotebookApp] Saving file at /boston_housing.ipynb
[I 14:44:39.054 NotebookApp] Saving file at /boston_housing.ipynb
[I 14:46:39.059 NotebookApp] Saving file at /boston_housing.ipynb
[I 14:48:39.064 NotebookApp] Saving file at /boston_housing.ipynb
[I 14:50:39.070 NotebookApp] Saving file at /boston_housing.ipynb
[I 14:52:39.075 NotebookApp] Saving file at /boston_housing.ipynb
[I 14:54:39.083 NotebookApp] Saving file at /boston_housing.ipynb
[I 14:58:39.095 NotebookApp] Saving file at /boston_housing.ipynb
[I 15:00:39.099 NotebookApp] Saving file at /boston_housing.ipynb
[I 15:02:39.105 NotebookApp] Saving file at /boston_housing.ipynb
[I 15:04:39.111 NotebookApp] Saving file at /boston_housing.ipynb
[I 15:06:39.113 NotebookApp] Saving file at /boston_housing.ipynb
[I 15:08:39.120 NotebookApp] Saving file at /boston_housing.ipynb
[I 15:10:39.125 NotebookApp] Saving file at /boston_housing.ipynb
[I 15:12:39.131 NotebookApp] Saving file at /boston_housing.ipynb
[I 15:14:39.137 NotebookApp] Saving file at /boston_housing.ipynb
[I 15:16:39.144 NotebookApp] Saving file at /boston_housing.ipynb
[I 15:18:39.153 NotebookApp] Saving file at /boston_housing.ipynb
[I 15:20:39.149 NotebookApp] Saving file at /boston_housing.ipynb
[I 15:22:39.155 NotebookApp] Saving file at /boston_housing.ipynb
[I 15:24:39.162 NotebookApp] Saving file at /boston_housing.ipynb
[I 15:26:39.167 NotebookApp] Saving file at /boston_housing.ipynb
[I 15:28:39.172 NotebookApp] Saving file at /boston_housing.ipynb
[I 15:30:39.177 NotebookApp] Saving file at /boston_housing.ipynb
[I 15:32:39.184 NotebookApp] Saving file at /boston_housing.ipynb
[I 15:34:39.188 NotebookApp] Saving file at /boston_housing.ipynb
[I 15:36:39.195 NotebookApp] Saving file at /boston_housing.ipynb
[I 15:38:39.199 NotebookApp] Saving file at /boston_housing.ipynb
[I 15:40:39.204 NotebookApp] Saving file at /boston_housing.ipynb
[I 15:42:39.210 NotebookApp] Saving file at /boston_housing.ipynb
[I 15:44:39.215 NotebookApp] Saving file at /boston_housing.ipynb
[I 15:46:39.222 NotebookApp] Saving file at /boston_housing.ipynb
[I 15:48:39.225 NotebookApp] Saving file at /boston_housing.ipynb
[I 15:50:39.231 NotebookApp] Saving file at /boston_housing.ipynb
[I 15:52:39.236 NotebookApp] Saving file at /boston_housing.ipynb
[I 15:54:39.242 NotebookApp] Saving file at /boston_housing.ipynb
[I 15:56:39.250 NotebookApp] Saving file at /boston_housing.ipynb
[I 15:58:39.252 NotebookApp] Saving file at /boston_housing.ipynb
[I 16:00:39.257 NotebookApp] Saving file at /boston_housing.ipynb
[I 16:04:39.267 NotebookApp] Saving file at /boston_housing.ipynb
[I 16:06:39.273 NotebookApp] Saving file at /boston_housing.ipynb
[I 16:08:39.278 NotebookApp] Saving file at /boston_housing.ipynb
[I 16:10:39.286 NotebookApp] Saving file at /boston_housing.ipynb
[I 16:14:39.294 NotebookApp] Saving file at /boston_housing.ipynb
[I 16:16:39.636 NotebookApp] Saving file at /boston_housing.ipynb
[I 16:18:39.654 NotebookApp] Saving file at /boston_housing.ipynb
[I 16:20:39.643 NotebookApp] Saving file at /boston_housing.ipynb
[I 16:21:08.061 NotebookApp] 302 GET / (::1) 0.47ms
[I 16:22:39.649 NotebookApp] Saving file at /boston_housing.ipynb
[I 16:24:39.653 NotebookApp] Saving file at /boston_housing.ipynb
[I 16:26:39.665 NotebookApp] Saving file at /boston_housing.ipynb
[I 16:28:39.664 NotebookApp] Saving file at /boston_housing.ipynb
[I 16:30:39.671 NotebookApp] Saving file at /boston_housing.ipynb
[I 16:32:39.691 NotebookApp] Saving file at /boston_housing.ipynb
[I 16:33:15.122 NotebookApp] Saving file at /boston_housing.ipynb
[I 16:33:37.368 NotebookApp] Starting buffering for c4a81351-6f18-4abe-a5cf-8f2fd855f09f:dbdb48d189a2426188f41f4b5af07b94
[I 16:33:41.972 NotebookApp] interrupted
Serving notebooks from local directory: /Users/gil/git/machine-learning/projects/boston_housing
1 active kernel
The Jupyter Notebook is running at:
http://localhost:8888/?token=aa167a13fbae15244c40baf65cf94256532bd1bcc889e6d2
Shutdown this notebook server (y/[n])? [C 18:12:55.627 NotebookApp] received signal 15, stopping
[I 18:12:55.628 NotebookApp] Shutting down 1 kernel
[I 18:12:56.138 NotebookApp] Kernel shutdown: c4a81351-6f18-4abe-a5cf-8f2fd855f09f
resuming operation...
